c:\users\hxu001\documents\visual studio 2015\projects\spaceshooter\spaceshooter\debug\vc140.pdb
c:\users\hxu001\documents\visual studio 2015\projects\spaceshooter\spaceshooter\debug\vc140.idb
c:\users\hxu001\documents\visual studio 2015\projects\spaceshooter\spaceshooter\debug\main.obj
c:\users\hxu001\documents\visual studio 2015\projects\spaceshooter\spaceshooter\debug\battlefield.obj
c:\users\hxu001\documents\visual studio 2015\projects\spaceshooter\spaceshooter\debug\bitmaptext.obj
c:\users\hxu001\documents\visual studio 2015\projects\spaceshooter\spaceshooter\debug\bullet.obj
c:\users\hxu001\documents\visual studio 2015\projects\spaceshooter\spaceshooter\debug\camera.obj
c:\users\hxu001\documents\visual studio 2015\projects\spaceshooter\spaceshooter\debug\enemy.obj
c:\users\hxu001\documents\visual studio 2015\projects\spaceshooter\spaceshooter\debug\gamemanager.obj
c:\users\hxu001\documents\visual studio 2015\projects\spaceshooter\spaceshooter\debug\model.obj
c:\users\hxu001\documents\visual studio 2015\projects\spaceshooter\spaceshooter\debug\objloader.obj
c:\users\hxu001\documents\visual studio 2015\projects\spaceshooter\spaceshooter\debug\particlegenerator.obj
c:\users\hxu001\documents\visual studio 2015\projects\spaceshooter\spaceshooter\debug\sceneobject.obj
c:\users\hxu001\documents\visual studio 2015\projects\spaceshooter\spaceshooter\debug\shader.obj
c:\users\hxu001\documents\visual studio 2015\projects\spaceshooter\spaceshooter\debug\skybox.obj
c:\users\hxu001\documents\visual studio 2015\projects\spaceshooter\spaceshooter\debug\spaceobjects.obj
c:\users\hxu001\documents\visual studio 2015\projects\spaceshooter\spaceshooter\debug\spaceship.obj
c:\users\hxu001\documents\visual studio 2015\projects\spaceshooter\spaceshooter\debug\water.obj
c:\users\hxu001\documents\visual studio 2015\projects\spaceshooter\spaceshooter\debug\spaceshooter.tlog\cl.command.1.tlog
c:\users\hxu001\documents\visual studio 2015\projects\spaceshooter\spaceshooter\debug\spaceshooter.tlog\cl.read.1.tlog
c:\users\hxu001\documents\visual studio 2015\projects\spaceshooter\spaceshooter\debug\spaceshooter.tlog\cl.write.1.tlog
c:\users\hxu001\documents\visual studio 2015\projects\spaceshooter\spaceshooter\debug\spaceshooter.tlog\link.command.1.tlog
c:\users\hxu001\documents\visual studio 2015\projects\spaceshooter\spaceshooter\debug\spaceshooter.tlog\link.read.1.tlog
c:\users\hxu001\documents\visual studio 2015\projects\spaceshooter\spaceshooter\debug\spaceshooter.tlog\link.write.1.tlog
